2003.09.19 18:02 B C:\windows\desktop\newsletter\admin\barra.jpg --> ftp.pointmasters.com.br /www/newsletter/admin barra.jpg
2003.09.19 18:02 B C:\windows\desktop\newsletter\admin\config.php --> ftp.pointmasters.com.br /www/newsletter/admin config.php
2003.09.19 18:02 B C:\windows\desktop\newsletter\admin\confirmar_login.php --> ftp.pointmasters.com.br /www/newsletter/admin confirmar_login.php
2003.09.19 18:02 B C:\windows\desktop\newsletter\admin\contactos.php --> ftp.pointmasters.com.br /www/newsletter/admin contactos.php
2003.09.19 18:02 B C:\windows\desktop\newsletter\admin\envia_msg.php --> ftp.pointmasters.com.br /www/newsletter/admin envia_msg.php
2003.09.19 18:02 B C:\windows\desktop\newsletter\admin\excluimail.php --> ftp.pointmasters.com.br /www/newsletter/admin excluimail.php
2003.09.19 18:02 B C:\windows\desktop\newsletter\admin\icon_defalt.jpg --> ftp.pointmasters.com.br /www/newsletter/admin icon_defalt.jpg
2003.09.19 18:02 B C:\windows\desktop\newsletter\admin\icon_emails.jpg --> ftp.pointmasters.com.br /www/newsletter/admin icon_emails.jpg
2003.09.19 18:02 B C:\windows\desktop\newsletter\admin\icon_erros.jpg --> ftp.pointmasters.com.br /www/newsletter/admin icon_erros.jpg
2003.09.19 18:02 B C:\windows\desktop\newsletter\admin\icon_menu.jpg --> ftp.pointmasters.com.br /www/newsletter/admin icon_menu.jpg
2003.09.19 18:02 B C:\windows\desktop\newsletter\admin\icon_msgs.jpg --> ftp.pointmasters.com.br /www/newsletter/admin icon_msgs.jpg
2003.09.19 18:02 B C:\windows\desktop\newsletter\admin\icon_stats.jpg --> ftp.pointmasters.com.br /www/newsletter/admin icon_stats.jpg
2003.09.19 18:02 B C:\windows\desktop\newsletter\admin\index.php --> ftp.pointmasters.com.br /www/newsletter/admin index.php
2003.09.19 18:02 B C:\windows\desktop\newsletter\admin\logout.php --> ftp.pointmasters.com.br /www/newsletter/admin logout.php
2003.09.19 18:02 B C:\windows\desktop\newsletter\admin\meio_img.jpg --> ftp.pointmasters.com.br /www/newsletter/admin meio_img.jpg
2003.09.19 18:02 B C:\windows\desktop\newsletter\admin\menu.php --> ftp.pointmasters.com.br /www/newsletter/admin menu.php
2003.09.19 18:02 B C:\windows\desktop\newsletter\admin\Msg_form.php --> ftp.pointmasters.com.br /www/newsletter/admin Msg_form.php
2003.09.19 18:03 B C:\windows\desktop\newsletter\admin\newsletter_logo.jpg --> ftp.pointmasters.com.br /www/newsletter/admin newsletter_logo.jpg
2003.09.19 18:03 B C:\windows\desktop\newsletter\admin\principal.php --> ftp.pointmasters.com.br /www/newsletter/admin principal.php
2003.09.19 18:03 B C:\windows\desktop\newsletter\admin\quadrado.swf --> ftp.pointmasters.com.br /www/newsletter/admin quadrado.swf
2003.09.19 18:03 B C:\windows\desktop\newsletter\admin\redape.jpg --> ftp.pointmasters.com.br /www/newsletter/admin redape.jpg
2003.09.19 18:03 B C:\windows\desktop\newsletter\admin\seta.jpg --> ftp.pointmasters.com.br /www/newsletter/admin seta.jpg
2003.09.19 18:03 B C:\windows\desktop\newsletter\admin\ssr543fds.inc --> ftp.pointmasters.com.br /www/newsletter/admin ssr543fds.inc
2003.09.19 18:03 B C:\windows\desktop\newsletter\admin\stats.php --> ftp.pointmasters.com.br /www/newsletter/admin stats.php
2003.09.19 18:03 B C:\windows\desktop\newsletter\admin\stop.php --> ftp.pointmasters.com.br /www/newsletter/admin stop.php
2003.09.19 18:03 B C:\windows\desktop\newsletter\admin\todos.php --> ftp.pointmasters.com.br /www/newsletter/admin todos.php
2003.09.19 18:03 B C:\windows\desktop\newsletter\admin\trash.gif --> ftp.pointmasters.com.br /www/newsletter/admin trash.gif
2003.09.19 18:03 B C:\windows\desktop\newsletter\admin\usuarios.php --> ftp.pointmasters.com.br /www/newsletter/admin usuarios.php
2003.09.19 18:03 B C:\windows\desktop\newsletter\admin\usuarios_cad.php --> ftp.pointmasters.com.br /www/newsletter/admin usuarios_cad.php
2003.09.19 18:03 B C:\windows\desktop\newsletter\admin\usuarios_cad1.php --> ftp.pointmasters.com.br /www/newsletter/admin usuarios_cad1.php
2003.09.19 18:03 B C:\windows\desktop\newsletter\admin\valida_cookies.php --> ftp.pointmasters.com.br /www/newsletter/admin valida_cookies.php
2003.09.20 13:56 B C:\windows\desktop\newsletter\admin\config.php --> ftp.pointmasters.com.br /www/newsletter/admin config.php
2003.09.20 14:15 B C:\windows\desktop\newsletter\admin\envia_msg.php --> ftp.pointmasters.com.br /www/newsletter/admin envia_msg.php
2003.09.20 14:18 B C:\windows\desktop\newsletter\admin\envia_msg.php --> ftp.pointmasters.com.br /www/newsletter/admin envia_msg.php
2003.09.20 14:21 B C:\windows\desktop\newsletter\admin\envia_msg.php --> ftp.pointmasters.com.br /www/newsletter/admin envia_msg.php
2003.09.20 14:28 B C:\windows\desktop\newsletter\admin\envia_msg.php --> ftp.pointmasters.com.br /www/newsletter/admin envia_msg.php
2003.09.20 14:37 B C:\windows\desktop\newsletter\admin\envia_msg.php --> ftp.pointmasters.com.br /www/newsletter/admin envia_msg.php
2003.09.20 14:40 B C:\windows\desktop\newsletter\admin\envia_msg.php --> ftp.pointmasters.com.br /www/newsletter/admin envia_msg.php
2003.09.20 14:42 B C:\windows\desktop\newsletter\admin\envia_msg.php --> ftp.pointmasters.com.br /www/newsletter/admin envia_msg.php
2003.09.20 14:46 B C:\windows\desktop\newsletter\admin\envia_msg.php --> ftp.pointmasters.com.br /www/newsletter/admin envia_msg.php
2003.09.20 14:47 B C:\windows\desktop\newsletter\admin\Msg_form.php --> ftp.pointmasters.com.br /www/newsletter/admin Msg_form.php
2003.09.20 14:49 B C:\windows\desktop\newsletter\admin\envia_msg.php --> ftp.pointmasters.com.br /www/newsletter envia_msg.php
2003.09.20 14:49 B C:\windows\desktop\newsletter\admin\Msg_form.php --> ftp.pointmasters.com.br /www/newsletter Msg_form.php
2003.09.20 14:49 B C:\windows\desktop\newsletter\admin\envia_msg.php --> ftp.pointmasters.com.br /www/newsletter/admin envia_msg.php
2003.09.20 14:49 B C:\windows\desktop\newsletter\admin\Msg_form.php --> ftp.pointmasters.com.br /www/newsletter/admin Msg_form.php
2003.09.20 14:50 B C:\windows\desktop\newsletter\admin\envia_msg.php --> ftp.pointmasters.com.br /www/newsletter/admin envia_msg.php
2003.09.20 14:50 B C:\windows\desktop\newsletter\admin\Msg_form.php --> ftp.pointmasters.com.br /www/newsletter/admin Msg_form.php
2003.09.20 14:54 B C:\windows\desktop\newsletter\admin\contactos.php --> ftp.pointmasters.com.br /www/newsletter/admin contactos.php
2003.09.20 14:58 B C:\windows\desktop\newsletter\admin\contactos.php --> ftp.pointmasters.com.br /www/newsletter/admin contactos.php
2003.09.20 14:59 B C:\windows\desktop\newsletter\admin\contactos.php --> ftp.pointmasters.com.br /www/newsletter/admin contactos.php
2003.09.20 15:00 B C:\windows\desktop\newsletter\admin\contactos.php --> ftp.pointmasters.com.br /www/newsletter/admin contactos.php
2003.09.20 15:01 B C:\windows\desktop\newsletter\admin\contactos.php --> ftp.pointmasters.com.br /www/newsletter/admin contactos.php
2003.09.20 15:03 B C:\windows\desktop\newsletter\admin\contactos.php --> ftp.pointmasters.com.br /www/newsletter/admin contactos.php
2003.09.20 15:06 B C:\windows\desktop\newsletter\admin\contactos.php --> ftp.pointmasters.com.br /www/newsletter/admin contactos.php
2003.09.20 23:10 B C:\windows\desktop\newsletter\admin\stop.php --> ftp.pointmasters.com.br /www stop.php
2003.09.20 23:11 B C:\windows\desktop\newsletter\admin\stop.php --> ftp.pointmasters.com.br /www/newsletter/admin stop.php
2003.09.20 23:12 B C:\windows\desktop\newsletter\admin\stop.php --> ftp.pointmasters.com.br /www/newsletter/admin stop.php
2003.09.20 23:59 B C:\windows\desktop\newsletter\admin\valida_cookies.php --> ftp.pointmasters.com.br /www/newsletter/admin valida_cookies.php
2003.09.21 01:09 B C:\windows\desktop\newsletter\admin\barra.jpg <-- Pointmasters /www/newsletter/admin barra.jpg
2003.09.21 01:09 B C:\windows\desktop\newsletter\admin\confirmar_login.php <-- Pointmasters /www/newsletter/admin confirmar_login.php
2003.09.21 01:09 B C:\windows\desktop\newsletter\admin\envia_msg.php <-- Pointmasters /www/newsletter/admin envia_msg.php
2003.09.21 01:14 B C:\windows\desktop\newsletter\admin\excluimail.php <-- Pointmasters /www/newsletter/admin excluimail.php
2003.09.21 01:14 B C:\windows\desktop\newsletter\admin\icon_defalt.jpg <-- Pointmasters /www/newsletter/admin icon_defalt.jpg
2003.09.21 01:14 B C:\windows\desktop\newsletter\admin\icon_emails.jpg <-- Pointmasters /www/newsletter/admin icon_emails.jpg
2003.09.21 01:14 B C:\windows\desktop\newsletter\admin\icon_erros.jpg <-- Pointmasters /www/newsletter/admin icon_erros.jpg
2003.09.21 01:14 B C:\windows\desktop\newsletter\admin\icon_menu.jpg <-- Pointmasters /www/newsletter/admin icon_menu.jpg
2003.09.21 01:14 B C:\windows\desktop\newsletter\admin\icon_msgs.jpg <-- Pointmasters /www/newsletter/admin icon_msgs.jpg
2003.09.21 01:14 B C:\windows\desktop\newsletter\admin\icon_stats.jpg <-- Pointmasters /www/newsletter/admin icon_stats.jpg
2003.09.21 01:14 B C:\windows\desktop\newsletter\admin\index.php <-- Pointmasters /www/newsletter/admin index.php
2003.09.21 01:14 B C:\windows\desktop\newsletter\admin\logout.php <-- Pointmasters /www/newsletter/admin logout.php
2003.09.21 01:14 B C:\windows\desktop\newsletter\admin\meio_img.jpg <-- Pointmasters /www/newsletter/admin meio_img.jpg
2003.09.21 01:14 B C:\windows\desktop\newsletter\admin\menu.php <-- Pointmasters /www/newsletter/admin menu.php
2003.09.21 01:14 B C:\windows\desktop\newsletter\admin\Msg_form.php <-- Pointmasters /www/newsletter/admin Msg_form.php
2003.09.21 01:14 B C:\windows\desktop\newsletter\admin\newsletter_logo.jpg <-- Pointmasters /www/newsletter/admin newsletter_logo.jpg
2003.09.21 01:14 B C:\windows\desktop\newsletter\admin\principal.php <-- Pointmasters /www/newsletter/admin principal.php
2003.09.21 01:14 B C:\windows\desktop\newsletter\admin\quadrado.swf <-- Pointmasters /www/newsletter/admin quadrado.swf
2003.09.21 01:14 B C:\windows\desktop\newsletter\admin\redape.jpg <-- Pointmasters /www/newsletter/admin redape.jpg
2003.09.21 01:14 B C:\windows\desktop\newsletter\admin\seta.jpg <-- Pointmasters /www/newsletter/admin seta.jpg
2003.09.21 01:14 B C:\windows\desktop\newsletter\admin\ssr543fds.inc <-- Pointmasters /www/newsletter/admin ssr543fds.inc
2003.09.21 01:14 B C:\windows\desktop\newsletter\admin\stats.php <-- Pointmasters /www/newsletter/admin stats.php
2003.09.21 01:14 B C:\windows\desktop\newsletter\admin\todos.php <-- Pointmasters /www/newsletter/admin todos.php
2003.09.21 01:14 B C:\windows\desktop\newsletter\admin\trash.gif <-- Pointmasters /www/newsletter/admin trash.gif
2003.09.21 01:14 B C:\windows\desktop\newsletter\admin\usuarios.php <-- Pointmasters /www/newsletter/admin usuarios.php
2003.09.21 01:14 B C:\windows\desktop\newsletter\admin\usuarios_cad.php <-- Pointmasters /www/newsletter/admin usuarios_cad.php
2003.09.21 01:14 B C:\windows\desktop\newsletter\admin\usuarios_cad1.php <-- Pointmasters /www/newsletter/admin usuarios_cad1.php
2003.09.21 13:15 B C:\windows\desktop\newsletter\admin\stop.php --> ftp.pointmasters.com.br /www/newsletter/admin stop.php
2003.09.21 13:15 B C:\windows\desktop\newsletter\admin\todos.php --> ftp.pointmasters.com.br /www/newsletter/admin todos.php
2003.09.21 13:18 B C:\windows\desktop\newsletter\admin\todos.php --> ftp.pointmasters.com.br /www/newsletter/admin todos.php
2003.09.21 13:18 B C:\windows\desktop\newsletter\admin\todos.php --> ftp.pointmasters.com.br /www/newsletter/admin todos.php
